<?xml version="1.0" encoding="UTF-8"?>
<coverage generated="1564751138209" clover="3.2.0">
  <project timestamp="1564751138209" name="All files">
    <metrics statements="146" coveredstatements="19" conditionals="66" coveredconditionals="0" methods="79" coveredmethods="4" elements="291" coveredelements="23" complexity="0" loc="146" ncloc="146" packages="13" files="14" classes="14"/>
    <package name="src">
      <metrics statements="6" coveredstatements="1" conditionals="0" coveredconditionals="0" methods="5" coveredmethods="0"/>
      <file name="App.js" path="/Users/eskilhognestad/Documents/begrepskatalogen/begrepskatalogen-frontend/src/App.js">
        <metrics statements="6" coveredstatements="1" conditionals="0" coveredconditionals="0" methods="5" coveredmethods="0"/>
        <line num="18" count="0" type="stmt"/>
        <line num="22" count="0" type="stmt"/>
        <line num="26" count="0" type="stmt"/>
        <line num="38" count="0" type="stmt"/>
        <line num="39" count="0" type="stmt"/>
        <line num="49" count="1" type="stmt"/>
      </file>
    </package>
    <package name="src.components.filterSection">
      <metrics statements="19" coveredstatements="1" conditionals="4" coveredconditionals="0" methods="13" coveredmethods="0"/>
      <file name="FilterSection.js" path="/Users/eskilhognestad/Documents/begrepskatalogen/begrepskatalogen-frontend/src/components/filterSection/FilterSection.js">
        <metrics statements="19" coveredstatements="1" conditionals="4" coveredconditionals="0" methods="13" coveredmethods="0"/>
        <line num="12" count="0" type="stmt"/>
        <line num="13" count="0" type="stmt"/>
        <line num="14" count="0" type="stmt"/>
        <line num="18" count="0" type="stmt"/>
        <line num="19" count="0" type="stmt"/>
        <line num="20" count="0" type="stmt"/>
        <line num="24" count="0" type="cond" truecount="0" falsecount="2"/>
        <line num="25" count="0" type="stmt"/>
        <line num="28" count="0" type="stmt"/>
        <line num="33" count="0" type="stmt"/>
        <line num="34" count="0" type="stmt"/>
        <line num="35" count="0" type="stmt"/>
        <line num="41" count="0" type="stmt"/>
        <line num="42" count="0" type="cond" truecount="0" falsecount="2"/>
        <line num="43" count="0" type="stmt"/>
        <line num="51" count="0" type="stmt"/>
        <line num="107" count="2" type="stmt"/>
        <line num="108" count="0" type="stmt"/>
        <line num="114" count="0" type="stmt"/>
      </file>
    </package>
    <package name="src.components.navigation">
      <metrics statements="1" coveredstatements="1" conditionals="0" coveredconditionals="0" methods="1" coveredmethods="1"/>
      <file name="Navigation.js" path="/Users/eskilhognestad/Documents/begrepskatalogen/begrepskatalogen-frontend/src/components/navigation/Navigation.js">
        <metrics statements="1" coveredstatements="1" conditionals="0" coveredconditionals="0" methods="1" coveredmethods="1"/>
        <line num="11" count="4" type="stmt"/>
      </file>
    </package>
    <package name="src.components.searchBar">
      <metrics statements="6" coveredstatements="1" conditionals="0" coveredconditionals="0" methods="4" coveredmethods="0"/>
      <file name="SearchBar.js" path="/Users/eskilhognestad/Documents/begrepskatalogen/begrepskatalogen-frontend/src/components/searchBar/SearchBar.js">
        <metrics statements="6" coveredstatements="1" conditionals="0" coveredconditionals="0" methods="4" coveredmethods="0"/>
        <line num="10" count="0" type="stmt"/>
        <line num="11" count="0" type="stmt"/>
        <line num="15" count="0" type="stmt"/>
        <line num="19" count="0" type="stmt"/>
        <line num="42" count="3" type="stmt"/>
        <line num="43" count="0" type="stmt"/>
      </file>
    </package>
    <package name="src.components.sortSelectField">
      <metrics statements="3" coveredstatements="1" conditionals="0" coveredconditionals="0" methods="2" coveredmethods="0"/>
      <file name="SortField.js" path="/Users/eskilhognestad/Documents/begrepskatalogen/begrepskatalogen-frontend/src/components/sortSelectField/SortField.js">
        <metrics statements="3" coveredstatements="1" conditionals="0" coveredconditionals="0" methods="2" coveredmethods="0"/>
        <line num="8" count="2" type="stmt"/>
        <line num="9" count="0" type="stmt"/>
        <line num="20" count="0" type="stmt"/>
      </file>
    </package>
    <package name="src.components.table">
      <metrics statements="46" coveredstatements="1" conditionals="36" coveredconditionals="0" methods="16" coveredmethods="0"/>
      <file name="Table.js" path="/Users/eskilhognestad/Documents/begrepskatalogen/begrepskatalogen-frontend/src/components/table/Table.js">
        <metrics statements="46" coveredstatements="1" conditionals="36" coveredconditionals="0" methods="16" coveredmethods="0"/>
        <line num="15" count="0" type="stmt"/>
        <line num="16" count="0" type="stmt"/>
        <line num="20" count="0" type="stmt"/>
        <line num="39" count="0" type="stmt"/>
        <line num="40" count="0" type="stmt"/>
        <line num="41" count="0" type="stmt"/>
        <line num="45" count="0" type="stmt"/>
        <line num="46" count="0" type="stmt"/>
        <line num="57" count="0" type="stmt"/>
        <line num="58" count="0" type="stmt"/>
        <line num="59" count="0" type="stmt"/>
        <line num="60" count="0" type="stmt"/>
        <line num="64" count="0" type="cond" truecount="0" falsecount="2"/>
        <line num="65" count="0" type="stmt"/>
        <line num="67" count="0" type="cond" truecount="0" falsecount="2"/>
        <line num="68" count="0" type="stmt"/>
        <line num="70" count="0" type="stmt"/>
        <line num="74" count="0" type="stmt"/>
        <line num="75" count="0" type="stmt"/>
        <line num="79" count="0" type="cond" truecount="0" falsecount="4"/>
        <line num="80" count="0" type="stmt"/>
        <line num="81" count="0" type="stmt"/>
        <line num="82" count="0" type="stmt"/>
        <line num="84" count="0" type="cond" truecount="0" falsecount="2"/>
        <line num="85" count="0" type="stmt"/>
        <line num="88" count="0" type="stmt"/>
        <line num="89" count="0" type="cond" truecount="0" falsecount="2"/>
        <line num="90" count="0" type="stmt"/>
        <line num="92" count="0" type="cond" truecount="0" falsecount="2"/>
        <line num="93" count="0" type="cond" truecount="0" falsecount="2"/>
        <line num="97" count="0" type="cond" truecount="0" falsecount="2"/>
        <line num="98" count="0" type="cond" truecount="0" falsecount="2"/>
        <line num="102" count="0" type="cond" truecount="0" falsecount="2"/>
        <line num="103" count="0" type="cond" truecount="0" falsecount="2"/>
        <line num="109" count="0" type="stmt"/>
        <line num="110" count="0" type="stmt"/>
        <line num="113" count="0" type="stmt"/>
        <line num="114" count="0" type="stmt"/>
        <line num="115" count="0" type="stmt"/>
        <line num="118" count="0" type="stmt"/>
        <line num="119" count="0" type="stmt"/>
        <line num="120" count="0" type="stmt"/>
        <line num="122" count="0" type="stmt"/>
        <line num="133" count="0" type="stmt"/>
        <line num="171" count="2" type="stmt"/>
        <line num="172" count="0" type="stmt"/>
      </file>
    </package>
    <package name="src.composition.footer">
      <metrics statements="1" coveredstatements="0" conditionals="0" coveredconditionals="0" methods="1" coveredmethods="0"/>
      <file name="Footer.js" path="/Users/eskilhognestad/Documents/begrepskatalogen/begrepskatalogen-frontend/src/composition/footer/Footer.js">
        <metrics statements="1" coveredstatements="0" conditionals="0" coveredconditionals="0" methods="1" coveredmethods="0"/>
        <line num="10" count="0" type="stmt"/>
      </file>
    </package>
    <package name="src.composition.header">
      <metrics statements="1" coveredstatements="1" conditionals="0" coveredconditionals="0" methods="1" coveredmethods="1"/>
      <file name="Header.js" path="/Users/eskilhognestad/Documents/begrepskatalogen/begrepskatalogen-frontend/src/composition/header/Header.js">
        <metrics statements="1" coveredstatements="1" conditionals="0" coveredconditionals="0" methods="1" coveredmethods="1"/>
        <line num="11" count="5" type="stmt"/>
      </file>
    </package>
    <package name="src.pages.home">
      <metrics statements="6" coveredstatements="1" conditionals="8" coveredconditionals="0" methods="5" coveredmethods="0"/>
      <file name="Home.js" path="/Users/eskilhognestad/Documents/begrepskatalogen/begrepskatalogen-frontend/src/pages/home/Home.js">
        <metrics statements="6" coveredstatements="1" conditionals="8" coveredconditionals="0" methods="5" coveredmethods="0"/>
        <line num="12" count="0" type="stmt"/>
        <line num="16" count="0" type="stmt"/>
        <line num="20" count="0" type="stmt"/>
        <line num="49" count="1" type="stmt"/>
        <line num="50" count="0" type="stmt"/>
        <line num="59" count="0" type="stmt"/>
      </file>
    </package>
    <package name="src.pages.kontaktoss">
      <metrics statements="1" coveredstatements="1" conditionals="0" coveredconditionals="0" methods="1" coveredmethods="1"/>
      <file name="KontaktOss.js" path="/Users/eskilhognestad/Documents/begrepskatalogen/begrepskatalogen-frontend/src/pages/kontaktoss/KontaktOss.js">
        <metrics statements="1" coveredstatements="1" conditionals="0" coveredconditionals="0" methods="1" coveredmethods="1"/>
        <line num="5" count="1" type="stmt"/>
      </file>
    </package>
    <package name="src.pages.omBegrepskatalogen">
      <metrics statements="1" coveredstatements="1" conditionals="0" coveredconditionals="0" methods="1" coveredmethods="1"/>
      <file name="OmBegrepskatalogen.js" path="/Users/eskilhognestad/Documents/begrepskatalogen/begrepskatalogen-frontend/src/pages/omBegrepskatalogen/OmBegrepskatalogen.js">
        <metrics statements="1" coveredstatements="1" conditionals="0" coveredconditionals="0" methods="1" coveredmethods="1"/>
        <line num="5" count="3" type="stmt"/>
      </file>
    </package>
    <package name="src.pages.termpage">
      <metrics statements="30" coveredstatements="1" conditionals="16" coveredconditionals="0" methods="12" coveredmethods="0"/>
      <file name="TermPage.js" path="/Users/eskilhognestad/Documents/begrepskatalogen/begrepskatalogen-frontend/src/pages/termpage/TermPage.js">
        <metrics statements="30" coveredstatements="1" conditionals="16" coveredconditionals="0" methods="12" coveredmethods="0"/>
        <line num="13" count="0" type="stmt"/>
        <line num="14" count="0" type="stmt"/>
        <line num="17" count="0" type="stmt"/>
        <line num="18" count="0" type="cond" truecount="0" falsecount="2"/>
        <line num="19" count="0" type="stmt"/>
        <line num="21" count="0" type="cond" truecount="0" falsecount="2"/>
        <line num="22" count="0" type="stmt"/>
        <line num="25" count="0" type="stmt"/>
        <line num="29" count="0" type="stmt"/>
        <line num="30" count="0" type="stmt"/>
        <line num="31" count="0" type="stmt"/>
        <line num="34" count="0" type="stmt"/>
        <line num="35" count="0" type="stmt"/>
        <line num="36" count="0" type="stmt"/>
        <line num="38" count="0" type="cond" truecount="0" falsecount="2"/>
        <line num="39" count="0" type="stmt"/>
        <line num="42" count="0" type="stmt"/>
        <line num="43" count="0" type="stmt"/>
        <line num="47" count="0" type="stmt"/>
        <line num="48" count="0" type="stmt"/>
        <line num="50" count="0" type="cond" truecount="0" falsecount="2"/>
        <line num="51" count="0" type="stmt"/>
        <line num="54" count="0" type="stmt"/>
        <line num="57" count="0" type="cond" truecount="0" falsecount="2"/>
        <line num="60" count="0" type="stmt"/>
        <line num="65" count="0" type="stmt"/>
        <line num="73" count="0" type="stmt"/>
        <line num="141" count="2" type="stmt"/>
        <line num="142" count="0" type="stmt"/>
        <line num="149" count="0" type="stmt"/>
      </file>
    </package>
    <package name="src.redux.actions">
      <metrics statements="25" coveredstatements="8" conditionals="2" coveredconditionals="0" methods="17" coveredmethods="0"/>
      <file name="AppActions.js" path="/Users/eskilhognestad/Documents/begrepskatalogen/begrepskatalogen-frontend/src/redux/actions/AppActions.js">
        <metrics statements="18" coveredstatements="5" conditionals="2" coveredconditionals="0" methods="13" coveredmethods="0"/>
        <line num="3" count="0" type="stmt"/>
        <line num="4" count="0" type="stmt"/>
        <line num="5" count="0" type="stmt"/>
        <line num="9" count="0" type="stmt"/>
        <line num="11" count="0" type="stmt"/>
        <line num="13" count="0" type="stmt"/>
        <line num="22" count="0" type="stmt"/>
        <line num="31" count="3" type="stmt"/>
        <line num="32" count="0" type="stmt"/>
        <line num="36" count="0" type="cond" truecount="0" falsecount="2"/>
        <line num="41" count="3" type="stmt"/>
        <line num="42" count="0" type="stmt"/>
        <line num="50" count="3" type="stmt"/>
        <line num="51" count="0" type="stmt"/>
        <line num="59" count="3" type="stmt"/>
        <line num="60" count="0" type="stmt"/>
        <line num="68" count="3" type="stmt"/>
        <line num="69" count="0" type="stmt"/>
      </file>
      <file name="SearchAction.js" path="/Users/eskilhognestad/Documents/begrepskatalogen/begrepskatalogen-frontend/src/redux/actions/SearchAction.js">
        <metrics statements="7" coveredstatements="3" conditionals="0" coveredconditionals="0" methods="4" coveredmethods="0"/>
        <line num="2" count="4" type="stmt"/>
        <line num="3" count="0" type="stmt"/>
        <line num="12" count="0" type="stmt"/>
        <line num="18" count="4" type="stmt"/>
        <line num="19" count="0" type="stmt"/>
        <line num="27" count="4" type="stmt"/>
        <line num="28" count="0" type="stmt"/>
      </file>
    </package>
  </project>
</coverage>
