{"/Users/eskilhognestad/Documents/begrepskatalogen/begrepskatalogen-frontend/src/App.js": {"path":"/Users/eskilhognestad/Documents/begrepskatalogen/begrepskatalogen-frontend/src/App.js","statementMap":{"0":{"start":{"line":18,"column":8},"end":{"line":18,"column":21}},"1":{"start":{"line":22,"column":8},"end":{"line":22,"column":41}},"2":{"start":{"line":26,"column":8},"end":{"line":45,"column":10}},"3":{"start":{"line":38,"column":28},"end":{"line":38,"column":167}},"4":{"start":{"line":39,"column":28},"end":{"line":39,"column":40}},"5":{"start":{"line":49,"column":24},"end":{"line":53,"column":2}},"6":{"start":{"line":49,"column":36},"end":{"line":53,"column":1}}},"fnMap":{"0":{"name":"(anonymous_0)","decl":{"start":{"line":17,"column":4},"end":{"line":17,"column":5}},"loc":{"start":{"line":17,"column":23},"end":{"line":19,"column":5}},"line":17},"1":{"name":"(anonymous_1)","decl":{"start":{"line":21,"column":4},"end":{"line":21,"column":5}},"loc":{"start":{"line":21,"column":24},"end":{"line":23,"column":5}},"line":21},"2":{"name":"(anonymous_2)","decl":{"start":{"line":25,"column":4},"end":{"line":25,"column":5}},"loc":{"start":{"line":25,"column":13},"end":{"line":46,"column":5}},"line":25},"3":{"name":"(anonymous_3)","decl":{"start":{"line":37,"column":77},"end":{"line":37,"column":78}},"loc":{"start":{"line":37,"column":83},"end":{"line":40,"column":25}},"line":37},"4":{"name":"(anonymous_4)","decl":{"start":{"line":49,"column":24},"end":{"line":49,"column":25}},"loc":{"start":{"line":49,"column":36},"end":{"line":53,"column":1}},"line":49}},"branchMap":{},"s":{"0":0,"1":0,"2":0,"3":0,"4":0,"5":1,"6":0},"f":{"0":0,"1":0,"2":0,"3":0,"4":0},"b":{},"_coverageSchema":"43e27e138ebf9cfc5966b082cf9a028302ed4184","hash":"dd589ae19225701cd6e3e8badaaba1647645c7de"}
,"/Users/eskilhognestad/Documents/begrepskatalogen/begrepskatalogen-frontend/src/components/filterSection/FilterSection.js": {"path":"/Users/eskilhognestad/Documents/begrepskatalogen/begrepskatalogen-frontend/src/components/filterSection/FilterSection.js","statementMap":{"0":{"start":{"line":12,"column":8},"end":{"line":12,"column":21}},"1":{"start":{"line":13,"column":8},"end":{"line":13,"column":36}},"2":{"start":{"line":14,"column":8},"end":{"line":14,"column":50}},"3":{"start":{"line":18,"column":8},"end":{"line":21,"column":11}},"4":{"start":{"line":19,"column":61},"end":{"line":19,"column":69}},"5":{"start":{"line":20,"column":63},"end":{"line":20,"column":74}},"6":{"start":{"line":24,"column":8},"end":{"line":29,"column":9}},"7":{"start":{"line":25,"column":12},"end":{"line":25,"column":42}},"8":{"start":{"line":28,"column":12},"end":{"line":28,"column":45}},"9":{"start":{"line":33,"column":8},"end":{"line":37,"column":11}},"10":{"start":{"line":34,"column":12},"end":{"line":36,"column":14}},"11":{"start":{"line":35,"column":86},"end":{"line":35,"column":112}},"12":{"start":{"line":41,"column":8},"end":{"line":47,"column":11}},"13":{"start":{"line":42,"column":12},"end":{"line":46,"column":13}},"14":{"start":{"line":43,"column":16},"end":{"line":45,"column":18}},"15":{"start":{"line":51,"column":8},"end":{"line":103,"column":10}},"16":{"start":{"line":107,"column":24},"end":{"line":111,"column":1}},"17":{"start":{"line":108,"column":4},"end":{"line":110,"column":5}},"18":{"start":{"line":114,"column":4},"end":{"line":117,"column":17}}},"fnMap":{"0":{"name":"(anonymous_0)","decl":{"start":{"line":11,"column":4},"end":{"line":11,"column":5}},"loc":{"start":{"line":11,"column":23},"end":{"line":15,"column":5}},"line":11},"1":{"name":"(anonymous_1)","decl":{"start":{"line":17,"column":4},"end":{"line":17,"column":5}},"loc":{"start":{"line":17,"column":25},"end":{"line":22,"column":5}},"line":17},"2":{"name":"(anonymous_2)","decl":{"start":{"line":19,"column":56},"end":{"line":19,"column":57}},"loc":{"start":{"line":19,"column":61},"end":{"line":19,"column":69}},"line":19},"3":{"name":"(anonymous_3)","decl":{"start":{"line":20,"column":58},"end":{"line":20,"column":59}},"loc":{"start":{"line":20,"column":63},"end":{"line":20,"column":74}},"line":20},"4":{"name":"(anonymous_4)","decl":{"start":{"line":23,"column":4},"end":{"line":23,"column":5}},"loc":{"start":{"line":23,"column":19},"end":{"line":30,"column":5}},"line":23},"5":{"name":"(anonymous_5)","decl":{"start":{"line":32,"column":4},"end":{"line":32,"column":5}},"loc":{"start":{"line":32,"column":27},"end":{"line":38,"column":5}},"line":32},"6":{"name":"(anonymous_6)","decl":{"start":{"line":33,"column":39},"end":{"line":33,"column":40}},"loc":{"start":{"line":33,"column":51},"end":{"line":37,"column":9}},"line":33},"7":{"name":"(anonymous_7)","decl":{"start":{"line":35,"column":79},"end":{"line":35,"column":80}},"loc":{"start":{"line":35,"column":86},"end":{"line":35,"column":112}},"line":35},"8":{"name":"(anonymous_8)","decl":{"start":{"line":40,"column":4},"end":{"line":40,"column":5}},"loc":{"start":{"line":40,"column":29},"end":{"line":48,"column":5}},"line":40},"9":{"name":"(anonymous_9)","decl":{"start":{"line":41,"column":41},"end":{"line":41,"column":42}},"loc":{"start":{"line":41,"column":56},"end":{"line":47,"column":9}},"line":41},"10":{"name":"(anonymous_10)","decl":{"start":{"line":50,"column":4},"end":{"line":50,"column":5}},"loc":{"start":{"line":50,"column":12},"end":{"line":104,"column":5}},"line":50},"11":{"name":"(anonymous_11)","decl":{"start":{"line":107,"column":24},"end":{"line":107,"column":25}},"loc":{"start":{"line":107,"column":35},"end":{"line":111,"column":1}},"line":107},"12":{"name":"matchDispatchToProps","decl":{"start":{"line":113,"column":9},"end":{"line":113,"column":29}},"loc":{"start":{"line":113,"column":39},"end":{"line":118,"column":1}},"line":113}},"branchMap":{"0":{"loc":{"start":{"line":24,"column":8},"end":{"line":29,"column":9}},"type":"if","locations":[{"start":{"line":24,"column":8},"end":{"line":29,"column":9}},{"start":{"line":24,"column":8},"end":{"line":29,"column":9}}],"line":24},"1":{"loc":{"start":{"line":42,"column":12},"end":{"line":46,"column":13}},"type":"if","locations":[{"start":{"line":42,"column":12},"end":{"line":46,"column":13}},{"start":{"line":42,"column":12},"end":{"line":46,"column":13}}],"line":42}},"s":{"0":0,"1":0,"2":0,"3":0,"4":0,"5":0,"6":0,"7":0,"8":0,"9":0,"10":0,"11":0,"12":0,"13":0,"14":0,"15":0,"16":2,"17":0,"18":0},"f":{"0":0,"1":0,"2":0,"3":0,"4":0,"5":0,"6":0,"7":0,"8":0,"9":0,"10":0,"11":0,"12":0},"b":{"0":[0,0],"1":[0,0]},"_coverageSchema":"43e27e138ebf9cfc5966b082cf9a028302ed4184","hash":"468780413d248e042da73d5b0191672f52f10198"}
,"/Users/eskilhognestad/Documents/begrepskatalogen/begrepskatalogen-frontend/src/components/navigation/Navigation.js": {"path":"/Users/eskilhognestad/Documents/begrepskatalogen/begrepskatalogen-frontend/src/components/navigation/Navigation.js","statementMap":{"0":{"start":{"line":11,"column":8},"end":{"line":33,"column":10}}},"fnMap":{"0":{"name":"(anonymous_0)","decl":{"start":{"line":10,"column":4},"end":{"line":10,"column":5}},"loc":{"start":{"line":10,"column":13},"end":{"line":34,"column":5}},"line":10}},"branchMap":{},"s":{"0":4},"f":{"0":4},"b":{},"_coverageSchema":"43e27e138ebf9cfc5966b082cf9a028302ed4184","hash":"9b94e01bb6a644450d2e6db1812ab3f488fed51c"}
,"/Users/eskilhognestad/Documents/begrepskatalogen/begrepskatalogen-frontend/src/components/searchBar/SearchBar.js": {"path":"/Users/eskilhognestad/Documents/begrepskatalogen/begrepskatalogen-frontend/src/components/searchBar/SearchBar.js","statementMap":{"0":{"start":{"line":10,"column":8},"end":{"line":10,"column":21}},"1":{"start":{"line":11,"column":8},"end":{"line":11,"column":61}},"2":{"start":{"line":15,"column":8},"end":{"line":15,"column":62}},"3":{"start":{"line":19,"column":8},"end":{"line":38,"column":10}},"4":{"start":{"line":42,"column":24},"end":{"line":46,"column":1}},"5":{"start":{"line":43,"column":4},"end":{"line":45,"column":5}}},"fnMap":{"0":{"name":"(anonymous_0)","decl":{"start":{"line":9,"column":4},"end":{"line":9,"column":5}},"loc":{"start":{"line":9,"column":23},"end":{"line":12,"column":5}},"line":9},"1":{"name":"(anonymous_1)","decl":{"start":{"line":14,"column":4},"end":{"line":14,"column":5}},"loc":{"start":{"line":14,"column":26},"end":{"line":16,"column":5}},"line":14},"2":{"name":"(anonymous_2)","decl":{"start":{"line":18,"column":4},"end":{"line":18,"column":5}},"loc":{"start":{"line":18,"column":13},"end":{"line":39,"column":5}},"line":18},"3":{"name":"(anonymous_3)","decl":{"start":{"line":42,"column":24},"end":{"line":42,"column":25}},"loc":{"start":{"line":42,"column":35},"end":{"line":46,"column":1}},"line":42}},"branchMap":{},"s":{"0":0,"1":0,"2":0,"3":0,"4":3,"5":0},"f":{"0":0,"1":0,"2":0,"3":0},"b":{},"_coverageSchema":"43e27e138ebf9cfc5966b082cf9a028302ed4184","hash":"b272509aa08c3d7effa5bce3085b133c39d9d93c"}
,"/Users/eskilhognestad/Documents/begrepskatalogen/begrepskatalogen-frontend/src/components/sortSelectField/SortField.js": {"path":"/Users/eskilhognestad/Documents/begrepskatalogen/begrepskatalogen-frontend/src/components/sortSelectField/SortField.js","statementMap":{"0":{"start":{"line":8,"column":16},"end":{"line":29,"column":1}},"1":{"start":{"line":9,"column":4},"end":{"line":28,"column":10}},"2":{"start":{"line":20,"column":37},"end":{"line":20,"column":73}}},"fnMap":{"0":{"name":"(anonymous_0)","decl":{"start":{"line":8,"column":16},"end":{"line":8,"column":17}},"loc":{"start":{"line":9,"column":4},"end":{"line":28,"column":10}},"line":9},"1":{"name":"(anonymous_1)","decl":{"start":{"line":20,"column":26},"end":{"line":20,"column":27}},"loc":{"start":{"line":20,"column":37},"end":{"line":20,"column":73}},"line":20}},"branchMap":{},"s":{"0":2,"1":0,"2":0},"f":{"0":0,"1":0},"b":{},"_coverageSchema":"43e27e138ebf9cfc5966b082cf9a028302ed4184","hash":"1baa1db15873fe9e27f494ea7622a7c97fe343a7"}
,"/Users/eskilhognestad/Documents/begrepskatalogen/begrepskatalogen-frontend/src/components/table/Table.js": {"path":"/Users/eskilhognestad/Documents/begrepskatalogen/begrepskatalogen-frontend/src/components/table/Table.js","statementMap":{"0":{"start":{"line":15,"column":8},"end":{"line":15,"column":21}},"1":{"start":{"line":16,"column":8},"end":{"line":16,"column":63}},"2":{"start":{"line":20,"column":22},"end":{"line":38,"column":9}},"3":{"start":{"line":39,"column":19},"end":{"line":39,"column":54}},"4":{"start":{"line":40,"column":28},"end":{"line":40,"column":58}},"5":{"start":{"line":41,"column":8},"end":{"line":41,"column":27}},"6":{"start":{"line":45,"column":25},"end":{"line":45,"column":29}},"7":{"start":{"line":46,"column":22},"end":{"line":56,"column":9}},"8":{"start":{"line":57,"column":19},"end":{"line":57,"column":46}},"9":{"start":{"line":58,"column":23},"end":{"line":58,"column":53}},"10":{"start":{"line":59,"column":8},"end":{"line":59,"column":65}},"11":{"start":{"line":60,"column":8},"end":{"line":60,"column":22}},"12":{"start":{"line":64,"column":8},"end":{"line":66,"column":9}},"13":{"start":{"line":65,"column":12},"end":{"line":65,"column":48}},"14":{"start":{"line":67,"column":8},"end":{"line":69,"column":9}},"15":{"start":{"line":68,"column":12},"end":{"line":68,"column":43}},"16":{"start":{"line":70,"column":8},"end":{"line":70,"column":20}},"17":{"start":{"line":74,"column":23},"end":{"line":74,"column":85}},"18":{"start":{"line":74,"column":49},"end":{"line":74,"column":84}},"19":{"start":{"line":75,"column":8},"end":{"line":75,"column":22}},"20":{"start":{"line":79,"column":22},"end":{"line":79,"column":114}},"21":{"start":{"line":80,"column":24},"end":{"line":80,"column":45}},"22":{"start":{"line":81,"column":29},"end":{"line":81,"column":60}},"23":{"start":{"line":82,"column":8},"end":{"line":82,"column":93}},"24":{"start":{"line":84,"column":8},"end":{"line":86,"column":9}},"25":{"start":{"line":85,"column":12},"end":{"line":85,"column":25}},"26":{"start":{"line":88,"column":25},"end":{"line":88,"column":35}},"27":{"start":{"line":89,"column":8},"end":{"line":107,"column":9}},"28":{"start":{"line":90,"column":12},"end":{"line":90,"column":42}},"29":{"start":{"line":92,"column":12},"end":{"line":96,"column":13}},"30":{"start":{"line":93,"column":16},"end":{"line":95,"column":43}},"31":{"start":{"line":93,"column":33},"end":{"line":95,"column":42}},"32":{"start":{"line":97,"column":12},"end":{"line":101,"column":13}},"33":{"start":{"line":98,"column":16},"end":{"line":100,"column":51}},"34":{"start":{"line":98,"column":33},"end":{"line":100,"column":50}},"35":{"start":{"line":102,"column":12},"end":{"line":106,"column":13}},"36":{"start":{"line":103,"column":16},"end":{"line":105,"column":53}},"37":{"start":{"line":103,"column":33},"end":{"line":105,"column":52}},"38":{"start":{"line":109,"column":28},"end":{"line":111,"column":9}},"39":{"start":{"line":110,"column":12},"end":{"line":110,"column":50}},"40":{"start":{"line":113,"column":27},"end":{"line":116,"column":9}},"41":{"start":{"line":114,"column":26},"end":{"line":114,"column":75}},"42":{"start":{"line":115,"column":12},"end":{"line":115,"column":68}},"43":{"start":{"line":118,"column":8},"end":{"line":129,"column":10}},"44":{"start":{"line":119,"column":79},"end":{"line":119,"column":83}},"45":{"start":{"line":120,"column":12},"end":{"line":128,"column":14}},"46":{"start":{"line":122,"column":66},"end":{"line":122,"column":83}},"47":{"start":{"line":133,"column":8},"end":{"line":167,"column":10}},"48":{"start":{"line":171,"column":24},"end":{"line":180,"column":1}},"49":{"start":{"line":172,"column":4},"end":{"line":179,"column":5}}},"fnMap":{"0":{"name":"(anonymous_0)","decl":{"start":{"line":14,"column":4},"end":{"line":14,"column":5}},"loc":{"start":{"line":14,"column":22},"end":{"line":17,"column":5}},"line":14},"1":{"name":"(anonymous_1)","decl":{"start":{"line":19,"column":4},"end":{"line":19,"column":5}},"loc":{"start":{"line":19,"column":19},"end":{"line":42,"column":5}},"line":19},"2":{"name":"(anonymous_2)","decl":{"start":{"line":44,"column":4},"end":{"line":44,"column":5}},"loc":{"start":{"line":44,"column":28},"end":{"line":61,"column":5}},"line":44},"3":{"name":"(anonymous_3)","decl":{"start":{"line":63,"column":4},"end":{"line":63,"column":5}},"loc":{"start":{"line":63,"column":21},"end":{"line":71,"column":5}},"line":63},"4":{"name":"(anonymous_4)","decl":{"start":{"line":73,"column":4},"end":{"line":73,"column":5}},"loc":{"start":{"line":73,"column":23},"end":{"line":76,"column":5}},"line":73},"5":{"name":"(anonymous_5)","decl":{"start":{"line":74,"column":35},"end":{"line":74,"column":36}},"loc":{"start":{"line":74,"column":49},"end":{"line":74,"column":84}},"line":74},"6":{"name":"(anonymous_6)","decl":{"start":{"line":78,"column":4},"end":{"line":78,"column":5}},"loc":{"start":{"line":78,"column":21},"end":{"line":130,"column":5}},"line":78},"7":{"name":"(anonymous_7)","decl":{"start":{"line":93,"column":26},"end":{"line":93,"column":27}},"loc":{"start":{"line":93,"column":33},"end":{"line":95,"column":42}},"line":93},"8":{"name":"(anonymous_8)","decl":{"start":{"line":98,"column":26},"end":{"line":98,"column":27}},"loc":{"start":{"line":98,"column":33},"end":{"line":100,"column":50}},"line":98},"9":{"name":"(anonymous_9)","decl":{"start":{"line":103,"column":26},"end":{"line":103,"column":27}},"loc":{"start":{"line":103,"column":33},"end":{"line":105,"column":52}},"line":103},"10":{"name":"(anonymous_10)","decl":{"start":{"line":109,"column":28},"end":{"line":109,"column":29}},"loc":{"start":{"line":109,"column":35},"end":{"line":111,"column":9}},"line":109},"11":{"name":"(anonymous_11)","decl":{"start":{"line":113,"column":27},"end":{"line":113,"column":28}},"loc":{"start":{"line":113,"column":39},"end":{"line":116,"column":9}},"line":113},"12":{"name":"(anonymous_12)","decl":{"start":{"line":118,"column":27},"end":{"line":118,"column":28}},"loc":{"start":{"line":118,"column":37},"end":{"line":129,"column":9}},"line":118},"13":{"name":"(anonymous_13)","decl":{"start":{"line":122,"column":60},"end":{"line":122,"column":61}},"loc":{"start":{"line":122,"column":66},"end":{"line":122,"column":83}},"line":122},"14":{"name":"(anonymous_14)","decl":{"start":{"line":132,"column":4},"end":{"line":132,"column":5}},"loc":{"start":{"line":132,"column":13},"end":{"line":168,"column":5}},"line":132},"15":{"name":"(anonymous_15)","decl":{"start":{"line":171,"column":24},"end":{"line":171,"column":25}},"loc":{"start":{"line":171,"column":35},"end":{"line":180,"column":1}},"line":171}},"branchMap":{"0":{"loc":{"start":{"line":64,"column":8},"end":{"line":66,"column":9}},"type":"if","locations":[{"start":{"line":64,"column":8},"end":{"line":66,"column":9}},{"start":{"line":64,"column":8},"end":{"line":66,"column":9}}],"line":64},"1":{"loc":{"start":{"line":67,"column":8},"end":{"line":69,"column":9}},"type":"if","locations":[{"start":{"line":67,"column":8},"end":{"line":69,"column":9}},{"start":{"line":67,"column":8},"end":{"line":69,"column":9}}],"line":67},"2":{"loc":{"start":{"line":79,"column":22},"end":{"line":79,"column":114}},"type":"cond-expr","locations":[{"start":{"line":79,"column":76},"end":{"line":79,"column":92}},{"start":{"line":79,"column":95},"end":{"line":79,"column":114}}],"line":79},"3":{"loc":{"start":{"line":79,"column":23},"end":{"line":79,"column":72}},"type":"binary-expr","locations":[{"start":{"line":79,"column":23},"end":{"line":79,"column":46}},{"start":{"line":79,"column":50},"end":{"line":79,"column":72}}],"line":79},"4":{"loc":{"start":{"line":84,"column":8},"end":{"line":86,"column":9}},"type":"if","locations":[{"start":{"line":84,"column":8},"end":{"line":86,"column":9}},{"start":{"line":84,"column":8},"end":{"line":86,"column":9}}],"line":84},"5":{"loc":{"start":{"line":89,"column":8},"end":{"line":107,"column":9}},"type":"if","locations":[{"start":{"line":89,"column":8},"end":{"line":107,"column":9}},{"start":{"line":89,"column":8},"end":{"line":107,"column":9}}],"line":89},"6":{"loc":{"start":{"line":92,"column":12},"end":{"line":96,"column":13}},"type":"if","locations":[{"start":{"line":92,"column":12},"end":{"line":96,"column":13}},{"start":{"line":92,"column":12},"end":{"line":96,"column":13}}],"line":92},"7":{"loc":{"start":{"line":93,"column":33},"end":{"line":95,"column":42}},"type":"cond-expr","locations":[{"start":{"line":94,"column":17},"end":{"line":94,"column":38}},{"start":{"line":95,"column":19},"end":{"line":95,"column":41}}],"line":93},"8":{"loc":{"start":{"line":94,"column":17},"end":{"line":94,"column":38}},"type":"cond-expr","locations":[{"start":{"line":94,"column":34},"end":{"line":94,"column":35}},{"start":{"line":94,"column":36},"end":{"line":94,"column":38}}],"line":94},"9":{"loc":{"start":{"line":95,"column":19},"end":{"line":95,"column":41}},"type":"cond-expr","locations":[{"start":{"line":95,"column":37},"end":{"line":95,"column":38}},{"start":{"line":95,"column":39},"end":{"line":95,"column":41}}],"line":95},"10":{"loc":{"start":{"line":97,"column":12},"end":{"line":101,"column":13}},"type":"if","locations":[{"start":{"line":97,"column":12},"end":{"line":101,"column":13}},{"start":{"line":97,"column":12},"end":{"line":101,"column":13}}],"line":97},"11":{"loc":{"start":{"line":98,"column":33},"end":{"line":100,"column":50}},"type":"cond-expr","locations":[{"start":{"line":99,"column":17},"end":{"line":99,"column":46}},{"start":{"line":100,"column":19},"end":{"line":100,"column":49}}],"line":98},"12":{"loc":{"start":{"line":99,"column":17},"end":{"line":99,"column":46}},"type":"cond-expr","locations":[{"start":{"line":99,"column":42},"end":{"line":99,"column":43}},{"start":{"line":99,"column":44},"end":{"line":99,"column":46}}],"line":99},"13":{"loc":{"start":{"line":100,"column":19},"end":{"line":100,"column":49}},"type":"cond-expr","locations":[{"start":{"line":100,"column":45},"end":{"line":100,"column":46}},{"start":{"line":100,"column":47},"end":{"line":100,"column":49}}],"line":100},"14":{"loc":{"start":{"line":102,"column":12},"end":{"line":106,"column":13}},"type":"if","locations":[{"start":{"line":102,"column":12},"end":{"line":106,"column":13}},{"start":{"line":102,"column":12},"end":{"line":106,"column":13}}],"line":102},"15":{"loc":{"start":{"line":103,"column":33},"end":{"line":105,"column":52}},"type":"cond-expr","locations":[{"start":{"line":104,"column":17},"end":{"line":104,"column":48}},{"start":{"line":105,"column":19},"end":{"line":105,"column":51}}],"line":103},"16":{"loc":{"start":{"line":104,"column":17},"end":{"line":104,"column":48}},"type":"cond-expr","locations":[{"start":{"line":104,"column":44},"end":{"line":104,"column":45}},{"start":{"line":104,"column":46},"end":{"line":104,"column":48}}],"line":104},"17":{"loc":{"start":{"line":105,"column":19},"end":{"line":105,"column":51}},"type":"cond-expr","locations":[{"start":{"line":105,"column":47},"end":{"line":105,"column":48}},{"start":{"line":105,"column":49},"end":{"line":105,"column":51}}],"line":105}},"s":{"0":0,"1":0,"2":0,"3":0,"4":0,"5":0,"6":0,"7":0,"8":0,"9":0,"10":0,"11":0,"12":0,"13":0,"14":0,"15":0,"16":0,"17":0,"18":0,"19":0,"20":0,"21":0,"22":0,"23":0,"24":0,"25":0,"26":0,"27":0,"28":0,"29":0,"30":0,"31":0,"32":0,"33":0,"34":0,"35":0,"36":0,"37":0,"38":0,"39":0,"40":0,"41":0,"42":0,"43":0,"44":0,"45":0,"46":0,"47":0,"48":2,"49":0},"f":{"0":0,"1":0,"2":0,"3":0,"4":0,"5":0,"6":0,"7":0,"8":0,"9":0,"10":0,"11":0,"12":0,"13":0,"14":0,"15":0},"b":{"0":[0,0],"1":[0,0],"2":[0,0],"3":[0,0],"4":[0,0],"5":[0,0],"6":[0,0],"7":[0,0],"8":[0,0],"9":[0,0],"10":[0,0],"11":[0,0],"12":[0,0],"13":[0,0],"14":[0,0],"15":[0,0],"16":[0,0],"17":[0,0]},"_coverageSchema":"43e27e138ebf9cfc5966b082cf9a028302ed4184","hash":"8d9e063da5a9d17566415cf56dbf3e176031d357"}
,"/Users/eskilhognestad/Documents/begrepskatalogen/begrepskatalogen-frontend/src/composition/footer/Footer.js": {"path":"/Users/eskilhognestad/Documents/begrepskatalogen/begrepskatalogen-frontend/src/composition/footer/Footer.js","statementMap":{"0":{"start":{"line":10,"column":8},"end":{"line":21,"column":10}}},"fnMap":{"0":{"name":"(anonymous_0)","decl":{"start":{"line":9,"column":4},"end":{"line":9,"column":5}},"loc":{"start":{"line":9,"column":13},"end":{"line":22,"column":5}},"line":9}},"branchMap":{},"s":{"0":0},"f":{"0":0},"b":{},"_coverageSchema":"43e27e138ebf9cfc5966b082cf9a028302ed4184","hash":"d60716d41b736529396d157296e0bdde08f68b73"}
,"/Users/eskilhognestad/Documents/begrepskatalogen/begrepskatalogen-frontend/src/composition/header/Header.js": {"path":"/Users/eskilhognestad/Documents/begrepskatalogen/begrepskatalogen-frontend/src/composition/header/Header.js","statementMap":{"0":{"start":{"line":11,"column":8},"end":{"line":36,"column":10}}},"fnMap":{"0":{"name":"(anonymous_0)","decl":{"start":{"line":10,"column":4},"end":{"line":10,"column":5}},"loc":{"start":{"line":10,"column":13},"end":{"line":37,"column":5}},"line":10}},"branchMap":{},"s":{"0":5},"f":{"0":5},"b":{},"_coverageSchema":"43e27e138ebf9cfc5966b082cf9a028302ed4184","hash":"c2142556e601ee18e3795454815cd51540d95d6c"}
,"/Users/eskilhognestad/Documents/begrepskatalogen/begrepskatalogen-frontend/src/pages/home/Home.js": {"path":"/Users/eskilhognestad/Documents/begrepskatalogen/begrepskatalogen-frontend/src/pages/home/Home.js","statementMap":{"0":{"start":{"line":12,"column":8},"end":{"line":12,"column":21}},"1":{"start":{"line":16,"column":8},"end":{"line":16,"column":38}},"2":{"start":{"line":20,"column":8},"end":{"line":45,"column":10}},"3":{"start":{"line":49,"column":24},"end":{"line":56,"column":1}},"4":{"start":{"line":50,"column":4},"end":{"line":55,"column":5}},"5":{"start":{"line":59,"column":4},"end":{"line":62,"column":17}}},"fnMap":{"0":{"name":"(anonymous_0)","decl":{"start":{"line":11,"column":4},"end":{"line":11,"column":5}},"loc":{"start":{"line":11,"column":22},"end":{"line":13,"column":5}},"line":11},"1":{"name":"(anonymous_1)","decl":{"start":{"line":15,"column":4},"end":{"line":15,"column":5}},"loc":{"start":{"line":15,"column":18},"end":{"line":17,"column":5}},"line":15},"2":{"name":"(anonymous_2)","decl":{"start":{"line":19,"column":4},"end":{"line":19,"column":5}},"loc":{"start":{"line":19,"column":13},"end":{"line":46,"column":5}},"line":19},"3":{"name":"(anonymous_3)","decl":{"start":{"line":49,"column":24},"end":{"line":49,"column":25}},"loc":{"start":{"line":49,"column":35},"end":{"line":56,"column":1}},"line":49},"4":{"name":"matchDispatchToProps","decl":{"start":{"line":58,"column":9},"end":{"line":58,"column":29}},"loc":{"start":{"line":58,"column":40},"end":{"line":63,"column":1}},"line":58}},"branchMap":{"0":{"loc":{"start":{"line":22,"column":18},"end":{"line":35,"column":26}},"type":"cond-expr","locations":[{"start":{"line":23,"column":20},"end":{"line":27,"column":30}},{"start":{"line":29,"column":20},"end":{"line":35,"column":26}}],"line":22},"1":{"loc":{"start":{"line":22,"column":19},"end":{"line":22,"column":72}},"type":"binary-expr","locations":[{"start":{"line":22,"column":19},"end":{"line":22,"column":43}},{"start":{"line":22,"column":48},"end":{"line":22,"column":71}}],"line":22},"2":{"loc":{"start":{"line":37,"column":17},"end":{"line":42,"column":28}},"type":"cond-expr","locations":[{"start":{"line":38,"column":20},"end":{"line":40,"column":26}},{"start":{"line":42,"column":20},"end":{"line":42,"column":28}}],"line":37},"3":{"loc":{"start":{"line":37,"column":18},"end":{"line":37,"column":71}},"type":"binary-expr","locations":[{"start":{"line":37,"column":18},"end":{"line":37,"column":42}},{"start":{"line":37,"column":47},"end":{"line":37,"column":70}}],"line":37}},"s":{"0":0,"1":0,"2":0,"3":1,"4":0,"5":0},"f":{"0":0,"1":0,"2":0,"3":0,"4":0},"b":{"0":[0,0],"1":[0,0],"2":[0,0],"3":[0,0]},"_coverageSchema":"43e27e138ebf9cfc5966b082cf9a028302ed4184","hash":"5186c5dc6a21a1c8b0d4c3fbc8bf0a97bf62c1b1"}
,"/Users/eskilhognestad/Documents/begrepskatalogen/begrepskatalogen-frontend/src/pages/kontaktoss/KontaktOss.js": {"path":"/Users/eskilhognestad/Documents/begrepskatalogen/begrepskatalogen-frontend/src/pages/kontaktoss/KontaktOss.js","statementMap":{"0":{"start":{"line":5,"column":4},"end":{"line":10,"column":6}}},"fnMap":{"0":{"name":"KontaktOss","decl":{"start":{"line":4,"column":9},"end":{"line":4,"column":19}},"loc":{"start":{"line":4,"column":21},"end":{"line":11,"column":1}},"line":4}},"branchMap":{},"s":{"0":1},"f":{"0":1},"b":{},"_coverageSchema":"43e27e138ebf9cfc5966b082cf9a028302ed4184","hash":"02a95c84f0ee627f0e6fc5e6f3f1c37f3afeb108"}
,"/Users/eskilhognestad/Documents/begrepskatalogen/begrepskatalogen-frontend/src/pages/omBegrepskatalogen/OmBegrepskatalogen.js": {"path":"/Users/eskilhognestad/Documents/begrepskatalogen/begrepskatalogen-frontend/src/pages/omBegrepskatalogen/OmBegrepskatalogen.js","statementMap":{"0":{"start":{"line":5,"column":4},"end":{"line":17,"column":6}}},"fnMap":{"0":{"name":"OmBegrepskatalogen","decl":{"start":{"line":4,"column":9},"end":{"line":4,"column":27}},"loc":{"start":{"line":4,"column":29},"end":{"line":18,"column":1}},"line":4}},"branchMap":{},"s":{"0":3},"f":{"0":3},"b":{},"_coverageSchema":"43e27e138ebf9cfc5966b082cf9a028302ed4184","hash":"6a2a313ba359633da74bb26a985827f4c70a72ba"}
,"/Users/eskilhognestad/Documents/begrepskatalogen/begrepskatalogen-frontend/src/pages/termpage/TermPage.js": {"path":"/Users/eskilhognestad/Documents/begrepskatalogen/begrepskatalogen-frontend/src/pages/termpage/TermPage.js","statementMap":{"0":{"start":{"line":13,"column":8},"end":{"line":13,"column":21}},"1":{"start":{"line":14,"column":8},"end":{"line":14,"column":36}},"2":{"start":{"line":17,"column":17},"end":{"line":27,"column":5}},"3":{"start":{"line":18,"column":8},"end":{"line":26,"column":9}},"4":{"start":{"line":19,"column":12},"end":{"line":19,"column":86}},"5":{"start":{"line":21,"column":13},"end":{"line":26,"column":9}},"6":{"start":{"line":22,"column":12},"end":{"line":22,"column":104}},"7":{"start":{"line":25,"column":12},"end":{"line":25,"column":78}},"8":{"start":{"line":29,"column":15},"end":{"line":32,"column":5}},"9":{"start":{"line":30,"column":22},"end":{"line":30,"column":71}},"10":{"start":{"line":31,"column":8},"end":{"line":31,"column":64}},"11":{"start":{"line":34,"column":15},"end":{"line":45,"column":5}},"12":{"start":{"line":35,"column":20},"end":{"line":37,"column":10}},"13":{"start":{"line":36,"column":12},"end":{"line":36,"column":40}},"14":{"start":{"line":38,"column":8},"end":{"line":44,"column":9}},"15":{"start":{"line":39,"column":12},"end":{"line":39,"column":43}},"16":{"start":{"line":42,"column":12},"end":{"line":42,"column":47}},"17":{"start":{"line":43,"column":12},"end":{"line":43,"column":42}},"18":{"start":{"line":47,"column":21},"end":{"line":70,"column":5}},"19":{"start":{"line":48,"column":23},"end":{"line":48,"column":59}},"20":{"start":{"line":50,"column":8},"end":{"line":52,"column":9}},"21":{"start":{"line":51,"column":12},"end":{"line":51,"column":71}},"22":{"start":{"line":54,"column":8},"end":{"line":69,"column":10}},"23":{"start":{"line":57,"column":20},"end":{"line":66,"column":41}},"24":{"start":{"line":60,"column":55},"end":{"line":60,"column":89}},"25":{"start":{"line":65,"column":51},"end":{"line":65,"column":86}},"26":{"start":{"line":73,"column":8},"end":{"line":137,"column":10}},"27":{"start":{"line":141,"column":24},"end":{"line":146,"column":1}},"28":{"start":{"line":142,"column":4},"end":{"line":145,"column":5}},"29":{"start":{"line":149,"column":4},"end":{"line":151,"column":17}}},"fnMap":{"0":{"name":"(anonymous_0)","decl":{"start":{"line":12,"column":4},"end":{"line":12,"column":5}},"loc":{"start":{"line":12,"column":22},"end":{"line":15,"column":5}},"line":12},"1":{"name":"(anonymous_1)","decl":{"start":{"line":17,"column":17},"end":{"line":17,"column":18}},"loc":{"start":{"line":17,"column":23},"end":{"line":27,"column":5}},"line":17},"2":{"name":"(anonymous_2)","decl":{"start":{"line":29,"column":15},"end":{"line":29,"column":16}},"loc":{"start":{"line":29,"column":26},"end":{"line":32,"column":5}},"line":29},"3":{"name":"(anonymous_3)","decl":{"start":{"line":34,"column":15},"end":{"line":34,"column":16}},"loc":{"start":{"line":34,"column":29},"end":{"line":45,"column":5}},"line":34},"4":{"name":"(anonymous_4)","decl":{"start":{"line":35,"column":44},"end":{"line":35,"column":45}},"loc":{"start":{"line":35,"column":59},"end":{"line":37,"column":9}},"line":35},"5":{"name":"(anonymous_5)","decl":{"start":{"line":47,"column":21},"end":{"line":47,"column":22}},"loc":{"start":{"line":47,"column":27},"end":{"line":70,"column":5}},"line":47},"6":{"name":"(anonymous_6)","decl":{"start":{"line":56,"column":52},"end":{"line":56,"column":53}},"loc":{"start":{"line":57,"column":20},"end":{"line":66,"column":41}},"line":57},"7":{"name":"(anonymous_7)","decl":{"start":{"line":60,"column":49},"end":{"line":60,"column":50}},"loc":{"start":{"line":60,"column":55},"end":{"line":60,"column":89}},"line":60},"8":{"name":"(anonymous_8)","decl":{"start":{"line":65,"column":45},"end":{"line":65,"column":46}},"loc":{"start":{"line":65,"column":51},"end":{"line":65,"column":86}},"line":65},"9":{"name":"(anonymous_9)","decl":{"start":{"line":72,"column":4},"end":{"line":72,"column":5}},"loc":{"start":{"line":72,"column":12},"end":{"line":138,"column":5}},"line":72},"10":{"name":"(anonymous_10)","decl":{"start":{"line":141,"column":24},"end":{"line":141,"column":25}},"loc":{"start":{"line":141,"column":35},"end":{"line":146,"column":1}},"line":141},"11":{"name":"matchDispatchToProps","decl":{"start":{"line":148,"column":9},"end":{"line":148,"column":29}},"loc":{"start":{"line":148,"column":39},"end":{"line":152,"column":1}},"line":148}},"branchMap":{"0":{"loc":{"start":{"line":18,"column":8},"end":{"line":26,"column":9}},"type":"if","locations":[{"start":{"line":18,"column":8},"end":{"line":26,"column":9}},{"start":{"line":18,"column":8},"end":{"line":26,"column":9}}],"line":18},"1":{"loc":{"start":{"line":21,"column":13},"end":{"line":26,"column":9}},"type":"if","locations":[{"start":{"line":21,"column":13},"end":{"line":26,"column":9}},{"start":{"line":21,"column":13},"end":{"line":26,"column":9}}],"line":21},"2":{"loc":{"start":{"line":38,"column":8},"end":{"line":44,"column":9}},"type":"if","locations":[{"start":{"line":38,"column":8},"end":{"line":44,"column":9}},{"start":{"line":38,"column":8},"end":{"line":44,"column":9}}],"line":38},"3":{"loc":{"start":{"line":50,"column":8},"end":{"line":52,"column":9}},"type":"if","locations":[{"start":{"line":50,"column":8},"end":{"line":52,"column":9}},{"start":{"line":50,"column":8},"end":{"line":52,"column":9}}],"line":50},"4":{"loc":{"start":{"line":57,"column":20},"end":{"line":66,"column":41}},"type":"cond-expr","locations":[{"start":{"line":58,"column":24},"end":{"line":61,"column":41}},{"start":{"line":63,"column":24},"end":{"line":66,"column":41}}],"line":57},"5":{"loc":{"start":{"line":103,"column":29},"end":{"line":103,"column":104}},"type":"cond-expr","locations":[{"start":{"line":103,"column":62},"end":{"line":103,"column":86}},{"start":{"line":103,"column":89},"end":{"line":103,"column":104}}],"line":103},"6":{"loc":{"start":{"line":109,"column":48},"end":{"line":109,"column":130}},"type":"cond-expr","locations":[{"start":{"line":109,"column":69},"end":{"line":109,"column":71}},{"start":{"line":109,"column":74},"end":{"line":109,"column":130}}],"line":109},"7":{"loc":{"start":{"line":127,"column":29},"end":{"line":127,"column":112}},"type":"cond-expr","locations":[{"start":{"line":127,"column":66},"end":{"line":127,"column":94}},{"start":{"line":127,"column":97},"end":{"line":127,"column":112}}],"line":127}},"s":{"0":0,"1":0,"2":0,"3":0,"4":0,"5":0,"6":0,"7":0,"8":0,"9":0,"10":0,"11":0,"12":0,"13":0,"14":0,"15":0,"16":0,"17":0,"18":0,"19":0,"20":0,"21":0,"22":0,"23":0,"24":0,"25":0,"26":0,"27":2,"28":0,"29":0},"f":{"0":0,"1":0,"2":0,"3":0,"4":0,"5":0,"6":0,"7":0,"8":0,"9":0,"10":0,"11":0},"b":{"0":[0,0],"1":[0,0],"2":[0,0],"3":[0,0],"4":[0,0],"5":[0,0],"6":[0,0],"7":[0,0]},"_coverageSchema":"43e27e138ebf9cfc5966b082cf9a028302ed4184","hash":"b93b8101482283b2ddbb5e481485767133eced1d"}
,"/Users/eskilhognestad/Documents/begrepskatalogen/begrepskatalogen-frontend/src/redux/actions/AppActions.js": {"path":"/Users/eskilhognestad/Documents/begrepskatalogen/begrepskatalogen-frontend/src/redux/actions/AppActions.js","statementMap":{"0":{"start":{"line":3,"column":16},"end":{"line":3,"column":29}},"1":{"start":{"line":4,"column":4},"end":{"line":18,"column":5}},"2":{"start":{"line":5,"column":8},"end":{"line":7,"column":11}},"3":{"start":{"line":9,"column":8},"end":{"line":17,"column":11}},"4":{"start":{"line":11,"column":12},"end":{"line":16,"column":16}},"5":{"start":{"line":13,"column":12},"end":{"line":16,"column":14}},"6":{"start":{"line":22,"column":4},"end":{"line":27,"column":6}},"7":{"start":{"line":31,"column":30},"end":{"line":39,"column":1}},"8":{"start":{"line":31,"column":52},"end":{"line":39,"column":1}},"9":{"start":{"line":32,"column":4},"end":{"line":38,"column":7}},"10":{"start":{"line":36,"column":67},"end":{"line":36,"column":108}},"11":{"start":{"line":41,"column":22},"end":{"line":48,"column":1}},"12":{"start":{"line":41,"column":32},"end":{"line":48,"column":1}},"13":{"start":{"line":42,"column":4},"end":{"line":47,"column":7}},"14":{"start":{"line":50,"column":29},"end":{"line":57,"column":1}},"15":{"start":{"line":51,"column":4},"end":{"line":56,"column":7}},"16":{"start":{"line":59,"column":25},"end":{"line":66,"column":1}},"17":{"start":{"line":60,"column":4},"end":{"line":65,"column":5}},"18":{"start":{"line":68,"column":28},"end":{"line":75,"column":1}},"19":{"start":{"line":69,"column":4},"end":{"line":74,"column":5}}},"fnMap":{"0":{"name":"fetchData","decl":{"start":{"line":2,"column":16},"end":{"line":2,"column":25}},"loc":{"start":{"line":2,"column":27},"end":{"line":19,"column":1}},"line":2},"1":{"name":"(anonymous_1)","decl":{"start":{"line":4,"column":11},"end":{"line":4,"column":12}},"loc":{"start":{"line":4,"column":29},"end":{"line":18,"column":5}},"line":4},"2":{"name":"(anonymous_2)","decl":{"start":{"line":10,"column":14},"end":{"line":10,"column":15}},"loc":{"start":{"line":10,"column":32},"end":{"line":17,"column":9}},"line":10},"3":{"name":"(anonymous_3)","decl":{"start":{"line":12,"column":18},"end":{"line":12,"column":19}},"loc":{"start":{"line":13,"column":12},"end":{"line":16,"column":14}},"line":13},"4":{"name":"toggleSeeAllTerms","decl":{"start":{"line":21,"column":16},"end":{"line":21,"column":33}},"loc":{"start":{"line":21,"column":36},"end":{"line":28,"column":1}},"line":21},"5":{"name":"(anonymous_5)","decl":{"start":{"line":31,"column":30},"end":{"line":31,"column":31}},"loc":{"start":{"line":31,"column":52},"end":{"line":39,"column":1}},"line":31},"6":{"name":"(anonymous_6)","decl":{"start":{"line":31,"column":52},"end":{"line":31,"column":53}},"loc":{"start":{"line":31,"column":65},"end":{"line":39,"column":1}},"line":31},"7":{"name":"(anonymous_7)","decl":{"start":{"line":36,"column":62},"end":{"line":36,"column":63}},"loc":{"start":{"line":36,"column":67},"end":{"line":36,"column":108}},"line":36},"8":{"name":"(anonymous_8)","decl":{"start":{"line":41,"column":22},"end":{"line":41,"column":23}},"loc":{"start":{"line":41,"column":32},"end":{"line":48,"column":1}},"line":41},"9":{"name":"(anonymous_9)","decl":{"start":{"line":41,"column":32},"end":{"line":41,"column":33}},"loc":{"start":{"line":41,"column":45},"end":{"line":48,"column":1}},"line":41},"10":{"name":"(anonymous_10)","decl":{"start":{"line":50,"column":29},"end":{"line":50,"column":30}},"loc":{"start":{"line":50,"column":41},"end":{"line":57,"column":1}},"line":50},"11":{"name":"(anonymous_11)","decl":{"start":{"line":59,"column":25},"end":{"line":59,"column":26}},"loc":{"start":{"line":59,"column":40},"end":{"line":66,"column":1}},"line":59},"12":{"name":"(anonymous_12)","decl":{"start":{"line":68,"column":28},"end":{"line":68,"column":29}},"loc":{"start":{"line":68,"column":43},"end":{"line":75,"column":1}},"line":68}},"branchMap":{"0":{"loc":{"start":{"line":36,"column":19},"end":{"line":36,"column":109}},"type":"cond-expr","locations":[{"start":{"line":36,"column":36},"end":{"line":36,"column":44}},{"start":{"line":36,"column":46},"end":{"line":36,"column":109}}],"line":36}},"s":{"0":0,"1":0,"2":0,"3":0,"4":0,"5":0,"6":0,"7":3,"8":0,"9":0,"10":0,"11":3,"12":0,"13":0,"14":3,"15":0,"16":3,"17":0,"18":3,"19":0},"f":{"0":0,"1":0,"2":0,"3":0,"4":0,"5":0,"6":0,"7":0,"8":0,"9":0,"10":0,"11":0,"12":0},"b":{"0":[0,0]},"_coverageSchema":"43e27e138ebf9cfc5966b082cf9a028302ed4184","hash":"e549cc04c5e6070dde28bdda6cc40249df4c5058"}
,"/Users/eskilhognestad/Documents/begrepskatalogen/begrepskatalogen-frontend/src/redux/actions/SearchAction.js": {"path":"/Users/eskilhognestad/Documents/begrepskatalogen/begrepskatalogen-frontend/src/redux/actions/SearchAction.js","statementMap":{"0":{"start":{"line":2,"column":28},"end":{"line":9,"column":1}},"1":{"start":{"line":3,"column":4},"end":{"line":8,"column":5}},"2":{"start":{"line":12,"column":4},"end":{"line":15,"column":5}},"3":{"start":{"line":18,"column":34},"end":{"line":25,"column":1}},"4":{"start":{"line":19,"column":4},"end":{"line":24,"column":5}},"5":{"start":{"line":27,"column":37},"end":{"line":34,"column":1}},"6":{"start":{"line":28,"column":4},"end":{"line":33,"column":5}}},"fnMap":{"0":{"name":"(anonymous_0)","decl":{"start":{"line":2,"column":28},"end":{"line":2,"column":29}},"loc":{"start":{"line":2,"column":43},"end":{"line":9,"column":1}},"line":2},"1":{"name":"hideNonApprovedTerms","decl":{"start":{"line":11,"column":16},"end":{"line":11,"column":36}},"loc":{"start":{"line":11,"column":39},"end":{"line":16,"column":1}},"line":11},"2":{"name":"(anonymous_2)","decl":{"start":{"line":18,"column":34},"end":{"line":18,"column":35}},"loc":{"start":{"line":18,"column":48},"end":{"line":25,"column":1}},"line":18},"3":{"name":"(anonymous_3)","decl":{"start":{"line":27,"column":37},"end":{"line":27,"column":38}},"loc":{"start":{"line":27,"column":51},"end":{"line":34,"column":1}},"line":27}},"branchMap":{},"s":{"0":4,"1":0,"2":0,"3":4,"4":0,"5":4,"6":0},"f":{"0":0,"1":0,"2":0,"3":0},"b":{},"_coverageSchema":"43e27e138ebf9cfc5966b082cf9a028302ed4184","hash":"980e64a2e64f07f82d283b68455d3dd16f4e62cb"}
}
