TN:
SF:/Users/eskilhognestad/Documents/begrepskatalogen/begrepskatalogen-frontend/src/App.js
FN:17,(anonymous_0)
FN:21,(anonymous_1)
FN:25,(anonymous_2)
FN:37,(anonymous_3)
FN:49,(anonymous_4)
FNF:5
FNH:0
FNDA:0,(anonymous_0)
FNDA:0,(anonymous_1)
FNDA:0,(anonymous_2)
FNDA:0,(anonymous_3)
FNDA:0,(anonymous_4)
DA:18,0
DA:22,0
DA:26,0
DA:38,0
DA:39,0
DA:49,1
LF:6
LH:1
BRF:0
BRH:0
end_of_record
TN:
SF:/Users/eskilhognestad/Documents/begrepskatalogen/begrepskatalogen-frontend/src/components/filterSection/FilterSection.js
FN:11,(anonymous_0)
FN:17,(anonymous_1)
FN:19,(anonymous_2)
FN:20,(anonymous_3)
FN:23,(anonymous_4)
FN:32,(anonymous_5)
FN:33,(anonymous_6)
FN:35,(anonymous_7)
FN:40,(anonymous_8)
FN:41,(anonymous_9)
FN:50,(anonymous_10)
FN:107,(anonymous_11)
FN:113,matchDispatchToProps
FNF:13
FNH:0
FNDA:0,(anonymous_0)
FNDA:0,(anonymous_1)
FNDA:0,(anonymous_2)
FNDA:0,(anonymous_3)
FNDA:0,(anonymous_4)
FNDA:0,(anonymous_5)
FNDA:0,(anonymous_6)
FNDA:0,(anonymous_7)
FNDA:0,(anonymous_8)
FNDA:0,(anonymous_9)
FNDA:0,(anonymous_10)
FNDA:0,(anonymous_11)
FNDA:0,matchDispatchToProps
DA:12,0
DA:13,0
DA:14,0
DA:18,0
DA:19,0
DA:20,0
DA:24,0
DA:25,0
DA:28,0
DA:33,0
DA:34,0
DA:35,0
DA:41,0
DA:42,0
DA:43,0
DA:51,0
DA:107,2
DA:108,0
DA:114,0
LF:19
LH:1
BRDA:24,0,0,0
BRDA:24,0,1,0
BRDA:42,1,0,0
BRDA:42,1,1,0
BRF:4
BRH:0
end_of_record
TN:
SF:/Users/eskilhognestad/Documents/begrepskatalogen/begrepskatalogen-frontend/src/components/navigation/Navigation.js
FN:10,(anonymous_0)
FNF:1
FNH:1
FNDA:4,(anonymous_0)
DA:11,4
LF:1
LH:1
BRF:0
BRH:0
end_of_record
TN:
SF:/Users/eskilhognestad/Documents/begrepskatalogen/begrepskatalogen-frontend/src/components/searchBar/SearchBar.js
FN:9,(anonymous_0)
FN:14,(anonymous_1)
FN:18,(anonymous_2)
FN:42,(anonymous_3)
FNF:4
FNH:0
FNDA:0,(anonymous_0)
FNDA:0,(anonymous_1)
FNDA:0,(anonymous_2)
FNDA:0,(anonymous_3)
DA:10,0
DA:11,0
DA:15,0
DA:19,0
DA:42,3
DA:43,0
LF:6
LH:1
BRF:0
BRH:0
end_of_record
TN:
SF:/Users/eskilhognestad/Documents/begrepskatalogen/begrepskatalogen-frontend/src/components/sortSelectField/SortField.js
FN:8,(anonymous_0)
FN:20,(anonymous_1)
FNF:2
FNH:0
FNDA:0,(anonymous_0)
FNDA:0,(anonymous_1)
DA:8,2
DA:9,0
DA:20,0
LF:3
LH:1
BRF:0
BRH:0
end_of_record
TN:
SF:/Users/eskilhognestad/Documents/begrepskatalogen/begrepskatalogen-frontend/src/components/table/Table.js
FN:14,(anonymous_0)
FN:19,(anonymous_1)
FN:44,(anonymous_2)
FN:63,(anonymous_3)
FN:73,(anonymous_4)
FN:74,(anonymous_5)
FN:78,(anonymous_6)
FN:93,(anonymous_7)
FN:98,(anonymous_8)
FN:103,(anonymous_9)
FN:109,(anonymous_10)
FN:113,(anonymous_11)
FN:118,(anonymous_12)
FN:122,(anonymous_13)
FN:132,(anonymous_14)
FN:171,(anonymous_15)
FNF:16
FNH:0
FNDA:0,(anonymous_0)
FNDA:0,(anonymous_1)
FNDA:0,(anonymous_2)
FNDA:0,(anonymous_3)
FNDA:0,(anonymous_4)
FNDA:0,(anonymous_5)
FNDA:0,(anonymous_6)
FNDA:0,(anonymous_7)
FNDA:0,(anonymous_8)
FNDA:0,(anonymous_9)
FNDA:0,(anonymous_10)
FNDA:0,(anonymous_11)
FNDA:0,(anonymous_12)
FNDA:0,(anonymous_13)
FNDA:0,(anonymous_14)
FNDA:0,(anonymous_15)
DA:15,0
DA:16,0
DA:20,0
DA:39,0
DA:40,0
DA:41,0
DA:45,0
DA:46,0
DA:57,0
DA:58,0
DA:59,0
DA:60,0
DA:64,0
DA:65,0
DA:67,0
DA:68,0
DA:70,0
DA:74,0
DA:75,0
DA:79,0
DA:80,0
DA:81,0
DA:82,0
DA:84,0
DA:85,0
DA:88,0
DA:89,0
DA:90,0
DA:92,0
DA:93,0
DA:97,0
DA:98,0
DA:102,0
DA:103,0
DA:109,0
DA:110,0
DA:113,0
DA:114,0
DA:115,0
DA:118,0
DA:119,0
DA:120,0
DA:122,0
DA:133,0
DA:171,2
DA:172,0
LF:46
LH:1
BRDA:64,0,0,0
BRDA:64,0,1,0
BRDA:67,1,0,0
BRDA:67,1,1,0
BRDA:79,2,0,0
BRDA:79,2,1,0
BRDA:79,3,0,0
BRDA:79,3,1,0
BRDA:84,4,0,0
BRDA:84,4,1,0
BRDA:89,5,0,0
BRDA:89,5,1,0
BRDA:92,6,0,0
BRDA:92,6,1,0
BRDA:93,7,0,0
BRDA:93,7,1,0
BRDA:94,8,0,0
BRDA:94,8,1,0
BRDA:95,9,0,0
BRDA:95,9,1,0
BRDA:97,10,0,0
BRDA:97,10,1,0
BRDA:98,11,0,0
BRDA:98,11,1,0
BRDA:99,12,0,0
BRDA:99,12,1,0
BRDA:100,13,0,0
BRDA:100,13,1,0
BRDA:102,14,0,0
BRDA:102,14,1,0
BRDA:103,15,0,0
BRDA:103,15,1,0
BRDA:104,16,0,0
BRDA:104,16,1,0
BRDA:105,17,0,0
BRDA:105,17,1,0
BRF:36
BRH:0
end_of_record
TN:
SF:/Users/eskilhognestad/Documents/begrepskatalogen/begrepskatalogen-frontend/src/composition/footer/Footer.js
FN:9,(anonymous_0)
FNF:1
FNH:0
FNDA:0,(anonymous_0)
DA:10,0
LF:1
LH:0
BRF:0
BRH:0
end_of_record
TN:
SF:/Users/eskilhognestad/Documents/begrepskatalogen/begrepskatalogen-frontend/src/composition/header/Header.js
FN:10,(anonymous_0)
FNF:1
FNH:1
FNDA:5,(anonymous_0)
DA:11,5
LF:1
LH:1
BRF:0
BRH:0
end_of_record
TN:
SF:/Users/eskilhognestad/Documents/begrepskatalogen/begrepskatalogen-frontend/src/pages/home/Home.js
FN:11,(anonymous_0)
FN:15,(anonymous_1)
FN:19,(anonymous_2)
FN:49,(anonymous_3)
FN:58,matchDispatchToProps
FNF:5
FNH:0
FNDA:0,(anonymous_0)
FNDA:0,(anonymous_1)
FNDA:0,(anonymous_2)
FNDA:0,(anonymous_3)
FNDA:0,matchDispatchToProps
DA:12,0
DA:16,0
DA:20,0
DA:49,1
DA:50,0
DA:59,0
LF:6
LH:1
BRDA:22,0,0,0
BRDA:22,0,1,0
BRDA:22,1,0,0
BRDA:22,1,1,0
BRDA:37,2,0,0
BRDA:37,2,1,0
BRDA:37,3,0,0
BRDA:37,3,1,0
BRF:8
BRH:0
end_of_record
TN:
SF:/Users/eskilhognestad/Documents/begrepskatalogen/begrepskatalogen-frontend/src/pages/kontaktoss/KontaktOss.js
FN:4,KontaktOss
FNF:1
FNH:1
FNDA:1,KontaktOss
DA:5,1
LF:1
LH:1
BRF:0
BRH:0
end_of_record
TN:
SF:/Users/eskilhognestad/Documents/begrepskatalogen/begrepskatalogen-frontend/src/pages/omBegrepskatalogen/OmBegrepskatalogen.js
FN:4,OmBegrepskatalogen
FNF:1
FNH:1
FNDA:3,OmBegrepskatalogen
DA:5,3
LF:1
LH:1
BRF:0
BRH:0
end_of_record
TN:
SF:/Users/eskilhognestad/Documents/begrepskatalogen/begrepskatalogen-frontend/src/pages/termpage/TermPage.js
FN:12,(anonymous_0)
FN:17,(anonymous_1)
FN:29,(anonymous_2)
FN:34,(anonymous_3)
FN:35,(anonymous_4)
FN:47,(anonymous_5)
FN:56,(anonymous_6)
FN:60,(anonymous_7)
FN:65,(anonymous_8)
FN:72,(anonymous_9)
FN:141,(anonymous_10)
FN:148,matchDispatchToProps
FNF:12
FNH:0
FNDA:0,(anonymous_0)
FNDA:0,(anonymous_1)
FNDA:0,(anonymous_2)
FNDA:0,(anonymous_3)
FNDA:0,(anonymous_4)
FNDA:0,(anonymous_5)
FNDA:0,(anonymous_6)
FNDA:0,(anonymous_7)
FNDA:0,(anonymous_8)
FNDA:0,(anonymous_9)
FNDA:0,(anonymous_10)
FNDA:0,matchDispatchToProps
DA:13,0
DA:14,0
DA:17,0
DA:18,0
DA:19,0
DA:21,0
DA:22,0
DA:25,0
DA:29,0
DA:30,0
DA:31,0
DA:34,0
DA:35,0
DA:36,0
DA:38,0
DA:39,0
DA:42,0
DA:43,0
DA:47,0
DA:48,0
DA:50,0
DA:51,0
DA:54,0
DA:57,0
DA:60,0
DA:65,0
DA:73,0
DA:141,2
DA:142,0
DA:149,0
LF:30
LH:1
BRDA:18,0,0,0
BRDA:18,0,1,0
BRDA:21,1,0,0
BRDA:21,1,1,0
BRDA:38,2,0,0
BRDA:38,2,1,0
BRDA:50,3,0,0
BRDA:50,3,1,0
BRDA:57,4,0,0
BRDA:57,4,1,0
BRDA:103,5,0,0
BRDA:103,5,1,0
BRDA:109,6,0,0
BRDA:109,6,1,0
BRDA:127,7,0,0
BRDA:127,7,1,0
BRF:16
BRH:0
end_of_record
TN:
SF:/Users/eskilhognestad/Documents/begrepskatalogen/begrepskatalogen-frontend/src/redux/actions/AppActions.js
FN:2,fetchData
FN:4,(anonymous_1)
FN:10,(anonymous_2)
FN:12,(anonymous_3)
FN:21,toggleSeeAllTerms
FN:31,(anonymous_5)
FN:31,(anonymous_6)
FN:36,(anonymous_7)
FN:41,(anonymous_8)
FN:41,(anonymous_9)
FN:50,(anonymous_10)
FN:59,(anonymous_11)
FN:68,(anonymous_12)
FNF:13
FNH:0
FNDA:0,fetchData
FNDA:0,(anonymous_1)
FNDA:0,(anonymous_2)
FNDA:0,(anonymous_3)
FNDA:0,toggleSeeAllTerms
FNDA:0,(anonymous_5)
FNDA:0,(anonymous_6)
FNDA:0,(anonymous_7)
FNDA:0,(anonymous_8)
FNDA:0,(anonymous_9)
FNDA:0,(anonymous_10)
FNDA:0,(anonymous_11)
FNDA:0,(anonymous_12)
DA:3,0
DA:4,0
DA:5,0
DA:9,0
DA:11,0
DA:13,0
DA:22,0
DA:31,3
DA:32,0
DA:36,0
DA:41,3
DA:42,0
DA:50,3
DA:51,0
DA:59,3
DA:60,0
DA:68,3
DA:69,0
LF:18
LH:5
BRDA:36,0,0,0
BRDA:36,0,1,0
BRF:2
BRH:0
end_of_record
TN:
SF:/Users/eskilhognestad/Documents/begrepskatalogen/begrepskatalogen-frontend/src/redux/actions/SearchAction.js
FN:2,(anonymous_0)
FN:11,hideNonApprovedTerms
FN:18,(anonymous_2)
FN:27,(anonymous_3)
FNF:4
FNH:0
FNDA:0,(anonymous_0)
FNDA:0,hideNonApprovedTerms
FNDA:0,(anonymous_2)
FNDA:0,(anonymous_3)
DA:2,4
DA:3,0
DA:12,0
DA:18,4
DA:19,0
DA:27,4
DA:28,0
LF:7
LH:3
BRF:0
BRH:0
end_of_record
